[2018-07-20 17:39:20:319] [main] [com.delta.cornerstone.container.core.MeuContainer.startupContainer.242] [INFO ] [container123] - license.verify.enable is false.
[2018-07-20 17:39:21:136] [main] [com.delta.cornerstone.common.messaging.MessagingClient.subscribe.110] [INFO ] [container123] - subscribe meu/routing
[2018-07-20 17:39:21:137] [main] [com.delta.cornerstone.common.messaging.MessagingClient.subscribe.110] [INFO ] [container123] - subscribe event/end
[2018-07-20 17:39:21:138] [main] [com.delta.cornerstone.common.messaging.MessagingClient.subscribe.110] [INFO ] [container123] - subscribe log/setting
[2018-07-20 17:39:21:142] [main] [com.delta.cornerstone.common.messaging.MessagingClient.subscribe.110] [INFO ] [container123] - subscribe meu/invokeByEvent/2a3ef86e401d46bb8dc056899551df34/+
[2018-07-20 17:39:21:295] [main] [com.delta.cornerstone.common.messaging.MessagingClient.subscribe.110] [INFO ] [container123] - subscribe epgTrigger/eba41239bd2d4901af338264a23944bb/+
[2018-07-20 17:39:21:295] [main] [com.delta.cornerstone.container.core.MeuContainer.startupContainer.462] [INFO ] [container123] - Listen to : meu/routing
[2018-07-20 17:39:21:296] [main] [com.delta.cornerstone.container.core.MeuContainer.startupContainer.340] [INFO ] [container123] - Listen to : event/end
[2018-07-20 17:39:21:296] [main] [com.delta.cornerstone.container.core.MeuContainer.startupContainer.227] [INFO ] [container123] - Listen to : meu/invokeByEvent/+
[2018-07-20 17:39:21:296] [main] [com.delta.cornerstone.container.core.MeuContainer.startupContainer.617] [INFO ] [container123] - Listen to : epgTrigger/eba41239bd2d4901af338264a23944bb/+
[2018-07-20 17:39:21:296] [main] [com.delta.cornerstone.container.core.MeuContainer.containerRegister.529] [INFO ] [container123] - Container register. containerId : container123
[2018-07-20 17:39:24:708] [main] [com.delta.cornerstone.container.core.MeuContainer.containerRegister.575] [INFO ] [container123] - Container regist to runtime, and wait for runtime return the regist result. Container is: ContainerEntity [id=container123, name=CNXADRCNB004-0001, weburl=null, status=null, node=CNXADRCNB004/172.22.27.5, haId=null, agentId=null, heartbeatPeriod=5000, containerOnlineHeartbeatPeriod=3, heartbeatTimestamp=null, rpcPort=13695, isRecordTriggerEpg=null]
[2018-07-20 17:39:25:823] [main] [com.delta.cornerstone.container.core.MeuContainer.startCMDHandler.176] [INFO ] [CONTAINER-fc3b7268905a4498807d1ee3abfddbe6] - CMD Handler has been started.
[2018-07-20 17:39:25:861] [main] [com.delta.cornerstone.container.core.MeuContainer.startupContainer.328] [INFO ] [CONTAINER-fc3b7268905a4498807d1ee3abfddbe6] - MEU Container has been started. Id = CONTAINER-fc3b7268905a4498807d1ee3abfddbe6
[2018-07-20 17:39:26:032] [LoadMEU Thread 124888672] [com.delta.cornerstone.container.core.meu.MeuStatusManager.updateMeuStatus.11] [INFO ] [CONTAINER-fc3b7268905a4498807d1ee3abfddbe6] - MEU ID: 0c45aaa6cf2f4112b2a003057ad5d301, ContainerId: CONTAINER-fc3b7268905a4498807d1ee3abfddbe6, transfer meu status null -> INITIALIZING.
[2018-07-20 17:39:26:032] [LoadMEU Thread 124888672] [com.delta.cornerstone.container.core.meu.MeuStatusManager.updateMeuStatus.26] [INFO ] [CONTAINER-fc3b7268905a4498807d1ee3abfddbe6] - MEU ID: 0c45aaa6cf2f4112b2a003057ad5d301, ContainerId: CONTAINER-fc3b7268905a4498807d1ee3abfddbe6, transfer meu status success null -> INITIALIZING.
[2018-07-20 17:39:26:115] [LoadMEU Thread 124888672] [com.delta.cornerstone.container.core.meu.MeuStatusManager.updateMeuStatus.11] [INFO ] [CONTAINER-fc3b7268905a4498807d1ee3abfddbe6] - MEU ID: 0c45aaa6cf2f4112b2a003057ad5d301, ContainerId: CONTAINER-fc3b7268905a4498807d1ee3abfddbe6, transfer meu status INITIALIZING -> DEFINE_OK.
[2018-07-20 17:39:26:115] [LoadMEU Thread 124888672] [com.delta.cornerstone.container.core.meu.MeuStatusManager.updateMeuStatus.26] [INFO ] [CONTAINER-fc3b7268905a4498807d1ee3abfddbe6] - MEU ID: 0c45aaa6cf2f4112b2a003057ad5d301, ContainerId: CONTAINER-fc3b7268905a4498807d1ee3abfddbe6, transfer meu status success INITIALIZING -> DEFINE_OK.
[2018-07-20 17:39:26:120] [LoadMEU Thread 124888672] [com.delta.cornerstone.container.core.MeuContainer$2.run.92] [INFO ] [CONTAINER-fc3b7268905a4498807d1ee3abfddbe6] - load meu definition success from meuPath = E:\Eclipse_Neon\Pro\EQM_REFACTOR\EQM-APP\meu\meu_di, meuId = 0c45aaa6cf2f4112b2a003057ad5d301 , meuName = di
[2018-07-20 17:39:26:120] [LoadMEU Thread 124888672] [com.delta.cornerstone.container.core.meu.MeuStatusManager.updateMeuStatus.11] [INFO ] [CONTAINER-fc3b7268905a4498807d1ee3abfddbe6] - MEU ID: 0c45aaa6cf2f4112b2a003057ad5d301, ContainerId: CONTAINER-fc3b7268905a4498807d1ee3abfddbe6, transfer meu status DEFINE_OK -> REGISTERING.
[2018-07-20 17:39:26:120] [LoadMEU Thread 124888672] [com.delta.cornerstone.container.core.meu.MeuStatusManager.updateMeuStatus.26] [INFO ] [CONTAINER-fc3b7268905a4498807d1ee3abfddbe6] - MEU ID: 0c45aaa6cf2f4112b2a003057ad5d301, ContainerId: CONTAINER-fc3b7268905a4498807d1ee3abfddbe6, transfer meu status success DEFINE_OK -> REGISTERING.
[2018-07-20 17:39:26:149] [LoadMEU Thread 1944702768] [com.delta.cornerstone.container.core.meu.MeuStatusManager.updateMeuStatus.11] [INFO ] [CONTAINER-fc3b7268905a4498807d1ee3abfddbe6] - MEU ID: 14ac146df50f4a23b66592f600dd56e4, ContainerId: CONTAINER-fc3b7268905a4498807d1ee3abfddbe6, transfer meu status null -> INITIALIZING.
[2018-07-20 17:39:26:154] [LoadMEU Thread 1944702768] [com.delta.cornerstone.container.core.meu.MeuStatusManager.updateMeuStatus.26] [INFO ] [CONTAINER-fc3b7268905a4498807d1ee3abfddbe6] - MEU ID: 14ac146df50f4a23b66592f600dd56e4, ContainerId: CONTAINER-fc3b7268905a4498807d1ee3abfddbe6, transfer meu status success null -> INITIALIZING.
[2018-07-20 17:39:26:198] [LoadMEU Thread 1944702768] [com.delta.cornerstone.container.core.meu.MeuStatusManager.updateMeuStatus.11] [INFO ] [CONTAINER-fc3b7268905a4498807d1ee3abfddbe6] - MEU ID: 14ac146df50f4a23b66592f600dd56e4, ContainerId: CONTAINER-fc3b7268905a4498807d1ee3abfddbe6, transfer meu status INITIALIZING -> DEFINE_OK.
[2018-07-20 17:39:26:198] [LoadMEU Thread 1944702768] [com.delta.cornerstone.container.core.meu.MeuStatusManager.updateMeuStatus.26] [INFO ] [CONTAINER-fc3b7268905a4498807d1ee3abfddbe6] - MEU ID: 14ac146df50f4a23b66592f600dd56e4, ContainerId: CONTAINER-fc3b7268905a4498807d1ee3abfddbe6, transfer meu status success INITIALIZING -> DEFINE_OK.
[2018-07-20 17:39:26:202] [LoadMEU Thread 1944702768] [com.delta.cornerstone.container.core.MeuContainer$2.run.92] [INFO ] [CONTAINER-fc3b7268905a4498807d1ee3abfddbe6] - load meu definition success from meuPath = E:\Eclipse_Neon\Pro\EQM_REFACTOR\EQM-APP\meu\meu_eqm_produce_line_setting_assembly, meuId = 14ac146df50f4a23b66592f600dd56e4 , meuName = eqm_produce_line_setting_assembly
[2018-07-20 17:39:26:202] [LoadMEU Thread 1944702768] [com.delta.cornerstone.container.core.meu.MeuStatusManager.updateMeuStatus.11] [INFO ] [CONTAINER-fc3b7268905a4498807d1ee3abfddbe6] - MEU ID: 14ac146df50f4a23b66592f600dd56e4, ContainerId: CONTAINER-fc3b7268905a4498807d1ee3abfddbe6, transfer meu status DEFINE_OK -> REGISTERING.
[2018-07-20 17:39:26:202] [LoadMEU Thread 1944702768] [com.delta.cornerstone.container.core.meu.MeuStatusManager.updateMeuStatus.26] [INFO ] [CONTAINER-fc3b7268905a4498807d1ee3abfddbe6] - MEU ID: 14ac146df50f4a23b66592f600dd56e4, ContainerId: CONTAINER-fc3b7268905a4498807d1ee3abfddbe6, transfer meu status success DEFINE_OK -> REGISTERING.
[2018-07-20 17:39:26:305] [LoadMEU Thread 124888672] [com.delta.cornerstone.container.core.meu.MeuStatusManager.updateMeuStatus.11] [INFO ] [CONTAINER-fc3b7268905a4498807d1ee3abfddbe6] - MEU ID: 0c45aaa6cf2f4112b2a003057ad5d301, ContainerId: CONTAINER-fc3b7268905a4498807d1ee3abfddbe6, transfer meu status REGISTERING -> DI_PENDING.
[2018-07-20 17:39:26:305] [LoadMEU Thread 124888672] [com.delta.cornerstone.container.core.meu.MeuStatusManager.updateMeuStatus.26] [INFO ] [CONTAINER-fc3b7268905a4498807d1ee3abfddbe6] - MEU ID: 0c45aaa6cf2f4112b2a003057ad5d301, ContainerId: CONTAINER-fc3b7268905a4498807d1ee3abfddbe6, transfer meu status success REGISTERING -> DI_PENDING.
[2018-07-20 17:39:26:354] [LoadMEU Thread 1944702768] [com.delta.cornerstone.container.core.meu.MeuStatusManager.updateMeuStatus.11] [INFO ] [CONTAINER-fc3b7268905a4498807d1ee3abfddbe6] - MEU ID: 14ac146df50f4a23b66592f600dd56e4, ContainerId: CONTAINER-fc3b7268905a4498807d1ee3abfddbe6, transfer meu status REGISTERING -> DI_PENDING.
[2018-07-20 17:39:26:354] [LoadMEU Thread 1944702768] [com.delta.cornerstone.container.core.meu.MeuStatusManager.updateMeuStatus.26] [INFO ] [CONTAINER-fc3b7268905a4498807d1ee3abfddbe6] - MEU ID: 14ac146df50f4a23b66592f600dd56e4, ContainerId: CONTAINER-fc3b7268905a4498807d1ee3abfddbe6, transfer meu status success REGISTERING -> DI_PENDING.
[2018-07-20 17:39:26:393] [LoadMEU Thread 1944702768] [com.delta.cornerstone.container.core.MeuContainer$2.run.169] [INFO ] [CONTAINER-fc3b7268905a4498807d1ee3abfddbe6] - regist meu definition to runtime success, meuId = 14ac146df50f4a23b66592f600dd56e4, meuName = eqm_produce_line_setting_assembly
[2018-07-20 17:39:26:395] [LoadMEU Thread 1944702768] [com.delta.cornerstone.container.core.meu.MeuStatusManager.updateMeuStatus.11] [INFO ] [CONTAINER-fc3b7268905a4498807d1ee3abfddbe6] - MEU ID: 14ac146df50f4a23b66592f600dd56e4, ContainerId: CONTAINER-fc3b7268905a4498807d1ee3abfddbe6, transfer meu status DI_PENDING -> LOADING.
[2018-07-20 17:39:26:395] [LoadMEU Thread 1944702768] [com.delta.cornerstone.container.core.meu.MeuStatusManager.updateMeuStatus.26] [INFO ] [CONTAINER-fc3b7268905a4498807d1ee3abfddbe6] - MEU ID: 14ac146df50f4a23b66592f600dd56e4, ContainerId: CONTAINER-fc3b7268905a4498807d1ee3abfddbe6, transfer meu status success DI_PENDING -> LOADING.
[2018-07-20 17:39:27:604] [LoadMEU Thread 1944702768] [com.delta.cornerstone.common.messaging.MessagingClient.subscribe.110] [INFO ] [CONTAINER-fc3b7268905a4498807d1ee3abfddbe6] - subscribe interface/topic/98624c20e27149de993b541a3e085832
[2018-07-20 17:39:27:604] [LoadMEU Thread 1944702768] [com.delta.cornerstone.container.core.MeuContainer$2.run.56] [INFO ] [CONTAINER-fc3b7268905a4498807d1ee3abfddbe6] - MEU load success, id: 14ac146df50f4a23b66592f600dd56e4, name: eqm_produce_line_setting_assembly, path: E:\Eclipse_Neon\Pro\EQM_REFACTOR\EQM-APP\meu\meu_eqm_produce_line_setting_assembly
[2018-07-20 17:39:27:604] [LoadMEU Thread 1944702768] [com.delta.cornerstone.container.core.meu.MeuStatusManager.updateMeuStatus.11] [INFO ] [CONTAINER-fc3b7268905a4498807d1ee3abfddbe6] - MEU ID: 14ac146df50f4a23b66592f600dd56e4, ContainerId: CONTAINER-fc3b7268905a4498807d1ee3abfddbe6, transfer meu status LOADING -> LOADED.
[2018-07-20 17:39:27:604] [LoadMEU Thread 1944702768] [com.delta.cornerstone.container.core.meu.MeuStatusManager.updateMeuStatus.26] [INFO ] [CONTAINER-fc3b7268905a4498807d1ee3abfddbe6] - MEU ID: 14ac146df50f4a23b66592f600dd56e4, ContainerId: CONTAINER-fc3b7268905a4498807d1ee3abfddbe6, transfer meu status success LOADING -> LOADED.
[2018-07-20 17:39:27:607] [LoadMEU Thread 1944702768] [com.delta.cornerstone.container.core.meu.MeuStatusManager.updateMeuStatus.11] [INFO ] [CONTAINER-fc3b7268905a4498807d1ee3abfddbe6] - MEU ID: 14ac146df50f4a23b66592f600dd56e4, ContainerId: CONTAINER-fc3b7268905a4498807d1ee3abfddbe6, transfer meu status LOADED -> NORMAL.
[2018-07-20 17:39:27:607] [LoadMEU Thread 1944702768] [com.delta.cornerstone.container.core.meu.MeuStatusManager.updateMeuStatus.26] [INFO ] [CONTAINER-fc3b7268905a4498807d1ee3abfddbe6] - MEU ID: 14ac146df50f4a23b66592f600dd56e4, ContainerId: CONTAINER-fc3b7268905a4498807d1ee3abfddbe6, transfer meu status success LOADED -> NORMAL.
[2018-07-20 17:39:27:625] [LoadMEU Thread 124888672] [com.delta.cornerstone.container.core.MeuContainer$2.run.169] [INFO ] [CONTAINER-fc3b7268905a4498807d1ee3abfddbe6] - regist meu definition to runtime success, meuId = 0c45aaa6cf2f4112b2a003057ad5d301, meuName = di
[2018-07-20 17:39:27:625] [LoadMEU Thread 124888672] [com.delta.cornerstone.container.core.meu.MeuStatusManager.updateMeuStatus.11] [INFO ] [CONTAINER-fc3b7268905a4498807d1ee3abfddbe6] - MEU ID: 0c45aaa6cf2f4112b2a003057ad5d301, ContainerId: CONTAINER-fc3b7268905a4498807d1ee3abfddbe6, transfer meu status DI_PENDING -> LOADING.
[2018-07-20 17:39:27:625] [LoadMEU Thread 124888672] [com.delta.cornerstone.container.core.meu.MeuStatusManager.updateMeuStatus.26] [INFO ] [CONTAINER-fc3b7268905a4498807d1ee3abfddbe6] - MEU ID: 0c45aaa6cf2f4112b2a003057ad5d301, ContainerId: CONTAINER-fc3b7268905a4498807d1ee3abfddbe6, transfer meu status success DI_PENDING -> LOADING.
[2018-07-20 17:39:30:460] [LoadMEU Thread 124888672] [com.delta.cornerstone.container.core.di.DIClient.getInstanceFromDependencyInstanceMap.110] [INFO ] [CONTAINER-fc3b7268905a4498807d1ee3abfddbe6] - remote DI: com.delta.ams.productionline.setting.assembly.ProDtlServiceDI
[2018-07-20 17:39:30:467] [LoadMEU Thread 124888672] [com.delta.cornerstone.container.core.MeuContainer$2.run.56] [INFO ] [CONTAINER-fc3b7268905a4498807d1ee3abfddbe6] - MEU load success, id: 0c45aaa6cf2f4112b2a003057ad5d301, name: di, path: E:\Eclipse_Neon\Pro\EQM_REFACTOR\EQM-APP\meu\meu_di
[2018-07-20 17:39:30:467] [LoadMEU Thread 124888672] [com.delta.cornerstone.container.core.meu.MeuStatusManager.updateMeuStatus.11] [INFO ] [CONTAINER-fc3b7268905a4498807d1ee3abfddbe6] - MEU ID: 0c45aaa6cf2f4112b2a003057ad5d301, ContainerId: CONTAINER-fc3b7268905a4498807d1ee3abfddbe6, transfer meu status LOADING -> LOADED.
[2018-07-20 17:39:30:467] [LoadMEU Thread 124888672] [com.delta.cornerstone.container.core.meu.MeuStatusManager.updateMeuStatus.26] [INFO ] [CONTAINER-fc3b7268905a4498807d1ee3abfddbe6] - MEU ID: 0c45aaa6cf2f4112b2a003057ad5d301, ContainerId: CONTAINER-fc3b7268905a4498807d1ee3abfddbe6, transfer meu status success LOADING -> LOADED.
[2018-07-20 17:39:30:469] [LoadMEU Thread 124888672] [com.delta.cornerstone.container.core.meu.MeuStatusManager.updateMeuStatus.11] [INFO ] [CONTAINER-fc3b7268905a4498807d1ee3abfddbe6] - MEU ID: 0c45aaa6cf2f4112b2a003057ad5d301, ContainerId: CONTAINER-fc3b7268905a4498807d1ee3abfddbe6, transfer meu status LOADED -> NORMAL.
[2018-07-20 17:39:30:469] [LoadMEU Thread 124888672] [com.delta.cornerstone.container.core.meu.MeuStatusManager.updateMeuStatus.26] [INFO ] [CONTAINER-fc3b7268905a4498807d1ee3abfddbe6] - MEU ID: 0c45aaa6cf2f4112b2a003057ad5d301, ContainerId: CONTAINER-fc3b7268905a4498807d1ee3abfddbe6, transfer meu status success LOADED -> NORMAL.
[2018-07-20 17:40:02:158] [meu_common_callback_pool_1] [com.delta.cornerstone.common.messaging.MessagingClient.subscribe.110] [INFO ] [CONTAINER-fc3b7268905a4498807d1ee3abfddbe6] - subscribe meu/14ac146df50f4a23b66592f600dd56e4
[2018-07-20 17:40:02:204] [meu_common_callback_pool_1] [com.delta.cornerstone.common.messaging.MessagingClient.subscribe.110] [INFO ] [CONTAINER-fc3b7268905a4498807d1ee3abfddbe6] - subscribe meu/14ac146df50f4a23b66592f600dd56e4/0000
[2018-07-20 17:40:02:205] [meu_common_callback_pool_1] [com.delta.cornerstone.common.messaging.MessagingClient.subscribe.110] [INFO ] [CONTAINER-fc3b7268905a4498807d1ee3abfddbe6] - subscribe meu/14ac146df50f4a23b66592f600dd56e4/0001
[2018-07-20 17:40:02:206] [meu_common_callback_pool_1] [com.delta.cornerstone.common.messaging.MessagingClient.subscribe.110] [INFO ] [CONTAINER-fc3b7268905a4498807d1ee3abfddbe6] - subscribe meu/14ac146df50f4a23b66592f600dd56e4/0002
[2018-07-20 17:40:02:208] [meu_common_callback_pool_1] [com.delta.cornerstone.common.messaging.MessagingClient.subscribe.110] [INFO ] [CONTAINER-fc3b7268905a4498807d1ee3abfddbe6] - subscribe meu/14ac146df50f4a23b66592f600dd56e4/0003
[2018-07-20 17:40:02:221] [meu_common_callback_pool_1] [com.delta.cornerstone.container.core.messaging.mqtt.ContainerCallback$1.run.41] [INFO ] [CONTAINER-fc3b7268905a4498807d1ee3abfddbe6] - MEU = 14ac146df50f4a23b66592f600dd56e4, Receive Routing = {"id":"105798cf28e24ef99593d24dcc6e1b75","name":"eqm_produce_line_setting_assembly","meuList":[{"id":"MEU-ca3a2d351f64400986d6cda06f703a3e","type":"dispatch","isReady":true,"rpcHost":"CNXADRCNB004","rpcPort":13770},{"id":"14ac146df50f4a23b66592f600dd56e4","isReady":true,"rpcHost":"CNXADRCNB004","rpcPort":13695}],"eventList":[{"id":"0000","source":{"id":""},"dest":[{"id":"MEU-ca3a2d351f64400986d6cda06f703a3e","outputTopic":"meu/MEU-ca3a2d351f64400986d6cda06f703a3e"}]},{"id":"0001","source":{"id":"MEU-ca3a2d351f64400986d6cda06f703a3e"},"dest":[{"id":"14ac146df50f4a23b66592f600dd56e4","outputTopic":"meu/14ac146df50f4a23b66592f600dd56e4"}]},{"id":"0002","source":{"id":"14ac146df50f4a23b66592f600dd56e4"},"dest":[{"id":"","outputTopic":"event/end"}]}],"constraintList":[],"topicMeuMappingList":[{"topic":"meu/MEU-ca3a2d351f64400986d6cda06f703a3e","meuId":"MEU-ca3a2d351f64400986d6cda06f703a3e","operationId":""},{"topic":"meu/14ac146df50f4a23b66592f600dd56e4","meuId":"14ac146df50f4a23b66592f600dd56e4","operationId":""},{"topic":"meu/14ac146df50f4a23b66592f600dd56e4/0000","meuId":"14ac146df50f4a23b66592f600dd56e4","operationId":"0000"},{"topic":"meu/14ac146df50f4a23b66592f600dd56e4/0001","meuId":"14ac146df50f4a23b66592f600dd56e4","operationId":"0001"},{"topic":"meu/14ac146df50f4a23b66592f600dd56e4/0002","meuId":"14ac146df50f4a23b66592f600dd56e4","operationId":"0002"},{"topic":"meu/14ac146df50f4a23b66592f600dd56e4/0003","meuId":"14ac146df50f4a23b66592f600dd56e4","operationId":"0003"}],"urlMappingList":[{"url":"/ams/eqm/produceline/setting/assembly","method":"POST","beforeOperationId":"common before meu","afterOperationId":"common after meu","dest":{"id":"14ac146df50f4a23b66592f600dd56e4","operationId":"0000","outputTopic":"meu/14ac146df50f4a23b66592f600dd56e4/0000"}},{"url":"/ams/eqm/produceline/setting/assembly","method":"PUT","beforeOperationId":"common before meu","afterOperationId":"common after meu","dest":{"id":"14ac146df50f4a23b66592f600dd56e4","operationId":"0001","outputTopic":"meu/14ac146df50f4a23b66592f600dd56e4/0001"}},{"url":"/ams/eqm/produceline/setting/assembly/active","method":"PUT","beforeOperationId":"common before meu","afterOperationId":"common after meu","dest":{"id":"14ac146df50f4a23b66592f600dd56e4","operationId":"0001","outputTopic":"meu/14ac146df50f4a23b66592f600dd56e4/0001"}},{"url":"/ams/eqm/produceline/setting/assembly","method":"GET","beforeOperationId":"common before meu","afterOperationId":"common after meu","dest":{"id":"14ac146df50f4a23b66592f600dd56e4","operationId":"0002","outputTopic":"meu/14ac146df50f4a23b66592f600dd56e4/0002"}},{"url":"/ams/eqm/produceline/setting/assembly/item","method":"GET","beforeOperationId":"common before meu","afterOperationId":"common after meu","dest":{"id":"14ac146df50f4a23b66592f600dd56e4","operationId":"0003","outputTopic":"meu/14ac146df50f4a23b66592f600dd56e4/0003"}}],"urlMappingFileList":[{"mappingFile":"../url-mapping/epg_eqm_produce_line_setting_assembly_url_mapping.xml","content":{"urlMappingList":[{"url":"/ams/eqm/produceline/setting/assembly","method":"POST","beforeOperationId":"common before meu","afterOperationId":"common after meu","dest":{"id":"14ac146df50f4a23b66592f600dd56e4","operationId":"0000","outputTopic":"meu/14ac146df50f4a23b66592f600dd56e4/0000"}},{"url":"/ams/eqm/produceline/setting/assembly","method":"PUT","beforeOperationId":"common before meu","afterOperationId":"common after meu","dest":{"id":"14ac146df50f4a23b66592f600dd56e4","operationId":"0001","outputTopic":"meu/14ac146df50f4a23b66592f600dd56e4/0001"}},{"url":"/ams/eqm/produceline/setting/assembly/active","method":"PUT","beforeOperationId":"common before meu","afterOperationId":"common after meu","dest":{"id":"14ac146df50f4a23b66592f600dd56e4","operationId":"0001","outputTopic":"meu/14ac146df50f4a23b66592f600dd56e4/0001"}},{"url":"/ams/eqm/produceline/setting/assembly","method":"GET","beforeOperationId":"common before meu","afterOperationId":"common after meu","dest":{"id":"14ac146df50f4a23b66592f600dd56e4","operationId":"0002","outputTopic":"meu/14ac146df50f4a23b66592f600dd56e4/0002"}},{"url":"/ams/eqm/produceline/setting/assembly/item","method":"GET","beforeOperationId":"common before meu","afterOperationId":"common after meu","dest":{"id":"14ac146df50f4a23b66592f600dd56e4","operationId":"0003","outputTopic":"meu/14ac146df50f4a23b66592f600dd56e4/0003"}}]}}],"scriptList":[],"timerList":[]}
[2018-07-20 17:40:02:246] [meu_common_callback_pool_0] [com.delta.cornerstone.common.messaging.MessagingClient.subscribe.110] [INFO ] [CONTAINER-fc3b7268905a4498807d1ee3abfddbe6] - subscribe meu/0c45aaa6cf2f4112b2a003057ad5d301
[2018-07-20 17:40:02:249] [meu_common_callback_pool_0] [com.delta.cornerstone.common.messaging.MessagingClient.subscribe.110] [INFO ] [CONTAINER-fc3b7268905a4498807d1ee3abfddbe6] - subscribe meu/0c45aaa6cf2f4112b2a003057ad5d301/0000
[2018-07-20 17:40:02:250] [meu_common_callback_pool_0] [com.delta.cornerstone.container.core.messaging.mqtt.ContainerCallback$1.run.41] [INFO ] [CONTAINER-fc3b7268905a4498807d1ee3abfddbe6] - MEU = 0c45aaa6cf2f4112b2a003057ad5d301, Receive Routing = {"id":"65582474aaf14d6a8b2165ee49aaab04","name":"di","meuList":[{"id":"0c45aaa6cf2f4112b2a003057ad5d301","isReady":true,"rpcHost":"CNXADRCNB004","rpcPort":13695},{"id":"14ac146df50f4a23b66592f600dd56e4","isReady":true,"rpcHost":"CNXADRCNB004","rpcPort":13695},{"id":"MEU-ca3a2d351f64400986d6cda06f703a3e","type":"dispatch","isReady":true,"rpcHost":"CNXADRCNB004","rpcPort":13770}],"eventList":[{"id":"0000","source":{"id":""},"dest":[{"id":"MEU-ca3a2d351f64400986d6cda06f703a3e","outputTopic":"meu/MEU-ca3a2d351f64400986d6cda06f703a3e"}]},{"id":"0003","source":{"id":"MEU-ca3a2d351f64400986d6cda06f703a3e"},"dest":[{"id":"0c45aaa6cf2f4112b2a003057ad5d301","outputTopic":"meu/0c45aaa6cf2f4112b2a003057ad5d301"}]},{"id":"0001","source":{"id":"0c45aaa6cf2f4112b2a003057ad5d301"},"dest":[{"id":"","outputTopic":"event/end"}]}],"constraintList":[],"topicMeuMappingList":[{"topic":"meu/0c45aaa6cf2f4112b2a003057ad5d301","meuId":"0c45aaa6cf2f4112b2a003057ad5d301","operationId":""},{"topic":"meu/0c45aaa6cf2f4112b2a003057ad5d301/0000","meuId":"0c45aaa6cf2f4112b2a003057ad5d301","operationId":"0000"},{"topic":"meu/MEU-ca3a2d351f64400986d6cda06f703a3e","meuId":"MEU-ca3a2d351f64400986d6cda06f703a3e","operationId":""}],"urlMappingList":[{"url":"/test","method":"GET","beforeOperationId":"common before meu","afterOperationId":"common after meu","dest":{"id":"0c45aaa6cf2f4112b2a003057ad5d301","operationId":"0000","outputTopic":"meu/0c45aaa6cf2f4112b2a003057ad5d301/0000"}}],"urlMappingFileList":[{"mappingFile":"../url-mapping/test_di_url_mapping.xml","content":{"urlMappingList":[{"url":"/test","method":"GET","beforeOperationId":"common before meu","afterOperationId":"common after meu","dest":{"id":"0c45aaa6cf2f4112b2a003057ad5d301","operationId":"0000","outputTopic":"meu/0c45aaa6cf2f4112b2a003057ad5d301/0000"}}]}}],"scriptList":[],"timerList":[]}
[2018-07-20 17:40:02:251] [meu_common_callback_pool_0] [com.delta.cornerstone.container.core.messaging.mqtt.ContainerCallback$1.run.41] [INFO ] [CONTAINER-fc3b7268905a4498807d1ee3abfddbe6] - MEU = 14ac146df50f4a23b66592f600dd56e4, Receive Routing = {"id":"65582474aaf14d6a8b2165ee49aaab04","name":"di","meuList":[{"id":"0c45aaa6cf2f4112b2a003057ad5d301","isReady":true,"rpcHost":"CNXADRCNB004","rpcPort":13695},{"id":"14ac146df50f4a23b66592f600dd56e4","isReady":true,"rpcHost":"CNXADRCNB004","rpcPort":13695},{"id":"MEU-ca3a2d351f64400986d6cda06f703a3e","type":"dispatch","isReady":true,"rpcHost":"CNXADRCNB004","rpcPort":13770}],"eventList":[{"id":"0000","source":{"id":""},"dest":[{"id":"MEU-ca3a2d351f64400986d6cda06f703a3e","outputTopic":"meu/MEU-ca3a2d351f64400986d6cda06f703a3e"}]},{"id":"0003","source":{"id":"MEU-ca3a2d351f64400986d6cda06f703a3e"},"dest":[{"id":"0c45aaa6cf2f4112b2a003057ad5d301","outputTopic":"meu/0c45aaa6cf2f4112b2a003057ad5d301"}]},{"id":"0001","source":{"id":"0c45aaa6cf2f4112b2a003057ad5d301"},"dest":[{"id":"","outputTopic":"event/end"}]}],"constraintList":[],"topicMeuMappingList":[{"topic":"meu/0c45aaa6cf2f4112b2a003057ad5d301","meuId":"0c45aaa6cf2f4112b2a003057ad5d301","operationId":""},{"topic":"meu/0c45aaa6cf2f4112b2a003057ad5d301/0000","meuId":"0c45aaa6cf2f4112b2a003057ad5d301","operationId":"0000"},{"topic":"meu/MEU-ca3a2d351f64400986d6cda06f703a3e","meuId":"MEU-ca3a2d351f64400986d6cda06f703a3e","operationId":""}],"urlMappingList":[{"url":"/test","method":"GET","beforeOperationId":"common before meu","afterOperationId":"common after meu","dest":{"id":"0c45aaa6cf2f4112b2a003057ad5d301","operationId":"0000","outputTopic":"meu/0c45aaa6cf2f4112b2a003057ad5d301/0000"}}],"urlMappingFileList":[{"mappingFile":"../url-mapping/test_di_url_mapping.xml","content":{"urlMappingList":[{"url":"/test","method":"GET","beforeOperationId":"common before meu","afterOperationId":"common after meu","dest":{"id":"0c45aaa6cf2f4112b2a003057ad5d301","operationId":"0000","outputTopic":"meu/0c45aaa6cf2f4112b2a003057ad5d301/0000"}}]}}],"scriptList":[],"timerList":[]}
[2018-07-20 17:40:20:940] [meu_callback_0c45aaa6cf2f4112b2a003057ad5d301_0] [com.delta.cornerstone.container.core.MeuContainer.invokeMethod.311] [ERROR] [CONTAINER-fc3b7268905a4498807d1ee3abfddbe6] - Error occurs in MEU execution, id: 0c45aaa6cf2f4112b2a003057ad5d301, name: di, exception: {}
java.util.concurrent.ExecutionException: java.lang.reflect.InvocationTargetException
	at java.util.concurrent.FutureTask.report(FutureTask.java:122)
	at java.util.concurrent.FutureTask.get(FutureTask.java:206)
	at com.delta.cornerstone.container.core.MeuContainer.invokeMethod(MeuContainer.java:480)
	at com.delta.cornerstone.container.core.MeuContainer.invokeMethodAndSendEvent(MeuContainer.java:593)
	at com.delta.cornerstone.container.core.MeuContainer.onInboudEvent(MeuContainer.java:28)
	at com.delta.cornerstone.container.core.MeuContainerGateway.receive(MeuContainerGateway.java:82)
	at com.delta.cornerstone.container.core.messaging.mqtt.ContainerCallback$1.run(ContainerCallback.java:31)
	at com.delta.cornerstone.common.pool.LtqExecutor$Worker.run(LtqExecutor.java:10)
	at java.lang.Thread.run(Thread.java:745)
Caused by: java.lang.reflect.InvocationTargetException: null
	at sun.reflect.NativeMethodAccessorImpl.invoke0(Native Method)
	at sun.reflect.NativeMethodAccessorImpl.invoke(NativeMethodAccessorImpl.java:62)
	at sun.reflect.DelegatingMethodAccessorImpl.invoke(DelegatingMethodAccessorImpl.java:43)
	at java.lang.reflect.Method.invoke(Method.java:497)
	at com.delta.cornerstone.container.core.MeuContainer$1.call(MeuContainer.java:7)
	at java.util.concurrent.FutureTask.run(FutureTask.java:266)
	... 2 common frames omitted
Caused by: java.lang.NullPointerException: null
	at com.delta.cornerstone.core.payload.PayloadGen$PayloadProtobuf$Builder.setDefObj(PayloadGen.java:1)
	at com.delta.cornerstone.core.payload.Payload.setUserDefinedObj(Payload.java:99)
	at com.delta.cornerstone.core.payload.Payload.setUserDefinedObj(Payload.java:105)
	at com.delta.cornerstone.container.core.dyproxy.intercept.DIinterfaceMethodInterceptor.intercept(DIinterfaceMethodInterceptor.java:39)
	at com.delta.ams.productionline.setting.assembly.ProDtlServiceDI$$EnhancerByCGLIB$$d93d3314.selectAssembly2Json(<generated>)
	at com.delta.ams.ditest.Controller.test(Controller.java:49)
	at com.delta.ams.ditest.Controller$$EnhancerByCGLIB$$660e62e1.CGLIB$test$0(<generated>)
	at com.delta.ams.ditest.Controller$$EnhancerByCGLIB$$660e62e1$$FastClassByCGLIB$$9111ac5a.invoke(<generated>)
	at net.sf.cglib.proxy.MethodProxy.invokeSuper(MethodProxy.java:228)
	at com.delta.cornerstone.container.core.dyproxy.intercept.MeuMethodInterceptor.intercept(MeuMethodInterceptor.java:5)
	at com.delta.ams.ditest.Controller$$EnhancerByCGLIB$$660e62e1.test(<generated>)
	... 8 common frames omitted
[2018-07-20 17:40:20:944] [meu_callback_0c45aaa6cf2f4112b2a003057ad5d301_0] [com.delta.cornerstone.container.core.MeuContainer.invokeMethod.311] [ERROR] [CONTAINER-fc3b7268905a4498807d1ee3abfddbe6] - Error occurs in MEU execution, id: 0c45aaa6cf2f4112b2a003057ad5d301, name: di, exception: {}
java.util.concurrent.ExecutionException: java.lang.reflect.InvocationTargetException
	at java.util.concurrent.FutureTask.report(FutureTask.java:122)
	at java.util.concurrent.FutureTask.get(FutureTask.java:206)
	at com.delta.cornerstone.container.core.MeuContainer.invokeMethod(MeuContainer.java:480)
	at com.delta.cornerstone.container.core.MeuContainer.invokeMethodAndSendEvent(MeuContainer.java:593)
	at com.delta.cornerstone.container.core.MeuContainer.onInboudEvent(MeuContainer.java:28)
	at com.delta.cornerstone.container.core.MeuContainerGateway.receive(MeuContainerGateway.java:82)
	at com.delta.cornerstone.container.core.messaging.mqtt.ContainerCallback$1.run(ContainerCallback.java:31)
	at com.delta.cornerstone.common.pool.LtqExecutor$Worker.run(LtqExecutor.java:10)
	at java.lang.Thread.run(Thread.java:745)
Caused by: java.lang.reflect.InvocationTargetException: null
	at sun.reflect.NativeMethodAccessorImpl.invoke0(Native Method)
	at sun.reflect.NativeMethodAccessorImpl.invoke(NativeMethodAccessorImpl.java:62)
	at sun.reflect.DelegatingMethodAccessorImpl.invoke(DelegatingMethodAccessorImpl.java:43)
	at java.lang.reflect.Method.invoke(Method.java:497)
	at com.delta.cornerstone.container.core.MeuContainer$1.call(MeuContainer.java:7)
	at java.util.concurrent.FutureTask.run(FutureTask.java:266)
	... 2 common frames omitted
Caused by: java.lang.NullPointerException: null
	at com.delta.cornerstone.core.payload.PayloadGen$PayloadProtobuf$Builder.setDefObj(PayloadGen.java:1)
	at com.delta.cornerstone.core.payload.Payload.setUserDefinedObj(Payload.java:99)
	at com.delta.cornerstone.core.payload.Payload.setUserDefinedObj(Payload.java:105)
	at com.delta.cornerstone.container.core.dyproxy.intercept.DIinterfaceMethodInterceptor.intercept(DIinterfaceMethodInterceptor.java:39)
	at com.delta.ams.productionline.setting.assembly.ProDtlServiceDI$$EnhancerByCGLIB$$d93d3314.selectAssembly2Json(<generated>)
	at com.delta.ams.ditest.Controller.test(Controller.java:49)
	at com.delta.ams.ditest.Controller$$EnhancerByCGLIB$$660e62e1.CGLIB$test$0(<generated>)
	at com.delta.ams.ditest.Controller$$EnhancerByCGLIB$$660e62e1$$FastClassByCGLIB$$9111ac5a.invoke(<generated>)
	at net.sf.cglib.proxy.MethodProxy.invokeSuper(MethodProxy.java:228)
	at com.delta.cornerstone.container.core.dyproxy.intercept.MeuMethodInterceptor.intercept(MeuMethodInterceptor.java:5)
	at com.delta.ams.ditest.Controller$$EnhancerByCGLIB$$660e62e1.test(<generated>)
	... 8 common frames omitted
[2018-07-20 17:40:20:947] [meu_callback_0c45aaa6cf2f4112b2a003057ad5d301_0] [com.delta.cornerstone.container.core.MeuContainer.invokeMethod.311] [ERROR] [CONTAINER-fc3b7268905a4498807d1ee3abfddbe6] - Error occurs in MEU execution, id: 0c45aaa6cf2f4112b2a003057ad5d301, name: di, exception: {}
java.util.concurrent.ExecutionException: java.lang.reflect.InvocationTargetException
	at java.util.concurrent.FutureTask.report(FutureTask.java:122)
	at java.util.concurrent.FutureTask.get(FutureTask.java:206)
	at com.delta.cornerstone.container.core.MeuContainer.invokeMethod(MeuContainer.java:480)
	at com.delta.cornerstone.container.core.MeuContainer.invokeMethodAndSendEvent(MeuContainer.java:593)
	at com.delta.cornerstone.container.core.MeuContainer.onInboudEvent(MeuContainer.java:28)
	at com.delta.cornerstone.container.core.MeuContainerGateway.receive(MeuContainerGateway.java:82)
	at com.delta.cornerstone.container.core.messaging.mqtt.ContainerCallback$1.run(ContainerCallback.java:31)
	at com.delta.cornerstone.common.pool.LtqExecutor$Worker.run(LtqExecutor.java:10)
	at java.lang.Thread.run(Thread.java:745)
Caused by: java.lang.reflect.InvocationTargetException: null
	at sun.reflect.NativeMethodAccessorImpl.invoke0(Native Method)
	at sun.reflect.NativeMethodAccessorImpl.invoke(NativeMethodAccessorImpl.java:62)
	at sun.reflect.DelegatingMethodAccessorImpl.invoke(DelegatingMethodAccessorImpl.java:43)
	at java.lang.reflect.Method.invoke(Method.java:497)
	at com.delta.cornerstone.container.core.MeuContainer$1.call(MeuContainer.java:7)
	at java.util.concurrent.FutureTask.run(FutureTask.java:266)
	... 2 common frames omitted
Caused by: java.lang.NullPointerException: null
	at com.delta.cornerstone.core.payload.PayloadGen$PayloadProtobuf$Builder.setDefObj(PayloadGen.java:1)
	at com.delta.cornerstone.core.payload.Payload.setUserDefinedObj(Payload.java:99)
	at com.delta.cornerstone.core.payload.Payload.setUserDefinedObj(Payload.java:105)
	at com.delta.cornerstone.container.core.dyproxy.intercept.DIinterfaceMethodInterceptor.intercept(DIinterfaceMethodInterceptor.java:39)
	at com.delta.ams.productionline.setting.assembly.ProDtlServiceDI$$EnhancerByCGLIB$$d93d3314.selectAssembly2Json(<generated>)
	at com.delta.ams.ditest.Controller.test(Controller.java:49)
	at com.delta.ams.ditest.Controller$$EnhancerByCGLIB$$660e62e1.CGLIB$test$0(<generated>)
	at com.delta.ams.ditest.Controller$$EnhancerByCGLIB$$660e62e1$$FastClassByCGLIB$$9111ac5a.invoke(<generated>)
	at net.sf.cglib.proxy.MethodProxy.invokeSuper(MethodProxy.java:228)
	at com.delta.cornerstone.container.core.dyproxy.intercept.MeuMethodInterceptor.intercept(MeuMethodInterceptor.java:5)
	at com.delta.ams.ditest.Controller$$EnhancerByCGLIB$$660e62e1.test(<generated>)
	... 8 common frames omitted
[2018-07-20 17:40:20:950] [meu_callback_0c45aaa6cf2f4112b2a003057ad5d301_0] [com.delta.cornerstone.container.core.MeuContainer.invokeMethod.311] [ERROR] [CONTAINER-fc3b7268905a4498807d1ee3abfddbe6] - Error occurs in MEU execution, id: 0c45aaa6cf2f4112b2a003057ad5d301, name: di, exception: {}
java.util.concurrent.ExecutionException: java.lang.reflect.InvocationTargetException
	at java.util.concurrent.FutureTask.report(FutureTask.java:122)
	at java.util.concurrent.FutureTask.get(FutureTask.java:206)
	at com.delta.cornerstone.container.core.MeuContainer.invokeMethod(MeuContainer.java:480)
	at com.delta.cornerstone.container.core.MeuContainer.invokeMethodAndSendEvent(MeuContainer.java:593)
	at com.delta.cornerstone.container.core.MeuContainer.onInboudEvent(MeuContainer.java:28)
	at com.delta.cornerstone.container.core.MeuContainerGateway.receive(MeuContainerGateway.java:82)
	at com.delta.cornerstone.container.core.messaging.mqtt.ContainerCallback$1.run(ContainerCallback.java:31)
	at com.delta.cornerstone.common.pool.LtqExecutor$Worker.run(LtqExecutor.java:10)
	at java.lang.Thread.run(Thread.java:745)
Caused by: java.lang.reflect.InvocationTargetException: null
	at sun.reflect.NativeMethodAccessorImpl.invoke0(Native Method)
	at sun.reflect.NativeMethodAccessorImpl.invoke(NativeMethodAccessorImpl.java:62)
	at sun.reflect.DelegatingMethodAccessorImpl.invoke(DelegatingMethodAccessorImpl.java:43)
	at java.lang.reflect.Method.invoke(Method.java:497)
	at com.delta.cornerstone.container.core.MeuContainer$1.call(MeuContainer.java:7)
	at java.util.concurrent.FutureTask.run(FutureTask.java:266)
	... 2 common frames omitted
Caused by: java.lang.NullPointerException: null
	at com.delta.cornerstone.core.payload.PayloadGen$PayloadProtobuf$Builder.setDefObj(PayloadGen.java:1)
	at com.delta.cornerstone.core.payload.Payload.setUserDefinedObj(Payload.java:99)
	at com.delta.cornerstone.core.payload.Payload.setUserDefinedObj(Payload.java:105)
	at com.delta.cornerstone.container.core.dyproxy.intercept.DIinterfaceMethodInterceptor.intercept(DIinterfaceMethodInterceptor.java:39)
	at com.delta.ams.productionline.setting.assembly.ProDtlServiceDI$$EnhancerByCGLIB$$d93d3314.selectAssembly2Json(<generated>)
	at com.delta.ams.ditest.Controller.test(Controller.java:49)
	at com.delta.ams.ditest.Controller$$EnhancerByCGLIB$$660e62e1.CGLIB$test$0(<generated>)
	at com.delta.ams.ditest.Controller$$EnhancerByCGLIB$$660e62e1$$FastClassByCGLIB$$9111ac5a.invoke(<generated>)
	at net.sf.cglib.proxy.MethodProxy.invokeSuper(MethodProxy.java:228)
	at com.delta.cornerstone.container.core.dyproxy.intercept.MeuMethodInterceptor.intercept(MeuMethodInterceptor.java:5)
	at com.delta.ams.ditest.Controller$$EnhancerByCGLIB$$660e62e1.test(<generated>)
	... 8 common frames omitted
[2018-07-20 17:40:20:952] [meu_callback_0c45aaa6cf2f4112b2a003057ad5d301_0] [com.delta.cornerstone.container.core.MeuContainer.invokeMethod.311] [ERROR] [CONTAINER-fc3b7268905a4498807d1ee3abfddbe6] - Error occurs in MEU execution, id: 0c45aaa6cf2f4112b2a003057ad5d301, name: di, exception: {}
java.util.concurrent.ExecutionException: java.lang.reflect.InvocationTargetException
	at java.util.concurrent.FutureTask.report(FutureTask.java:122)
	at java.util.concurrent.FutureTask.get(FutureTask.java:206)
	at com.delta.cornerstone.container.core.MeuContainer.invokeMethod(MeuContainer.java:480)
	at com.delta.cornerstone.container.core.MeuContainer.invokeMethodAndSendEvent(MeuContainer.java:593)
	at com.delta.cornerstone.container.core.MeuContainer.onInboudEvent(MeuContainer.java:28)
	at com.delta.cornerstone.container.core.MeuContainerGateway.receive(MeuContainerGateway.java:82)
	at com.delta.cornerstone.container.core.messaging.mqtt.ContainerCallback$1.run(ContainerCallback.java:31)
	at com.delta.cornerstone.common.pool.LtqExecutor$Worker.run(LtqExecutor.java:10)
	at java.lang.Thread.run(Thread.java:745)
Caused by: java.lang.reflect.InvocationTargetException: null
	at sun.reflect.NativeMethodAccessorImpl.invoke0(Native Method)
	at sun.reflect.NativeMethodAccessorImpl.invoke(NativeMethodAccessorImpl.java:62)
	at sun.reflect.DelegatingMethodAccessorImpl.invoke(DelegatingMethodAccessorImpl.java:43)
	at java.lang.reflect.Method.invoke(Method.java:497)
	at com.delta.cornerstone.container.core.MeuContainer$1.call(MeuContainer.java:7)
	at java.util.concurrent.FutureTask.run(FutureTask.java:266)
	... 2 common frames omitted
Caused by: java.lang.NullPointerException: null
	at com.delta.cornerstone.core.payload.PayloadGen$PayloadProtobuf$Builder.setDefObj(PayloadGen.java:1)
	at com.delta.cornerstone.core.payload.Payload.setUserDefinedObj(Payload.java:99)
	at com.delta.cornerstone.core.payload.Payload.setUserDefinedObj(Payload.java:105)
	at com.delta.cornerstone.container.core.dyproxy.intercept.DIinterfaceMethodInterceptor.intercept(DIinterfaceMethodInterceptor.java:39)
	at com.delta.ams.productionline.setting.assembly.ProDtlServiceDI$$EnhancerByCGLIB$$d93d3314.selectAssembly2Json(<generated>)
	at com.delta.ams.ditest.Controller.test(Controller.java:49)
	at com.delta.ams.ditest.Controller$$EnhancerByCGLIB$$660e62e1.CGLIB$test$0(<generated>)
	at com.delta.ams.ditest.Controller$$EnhancerByCGLIB$$660e62e1$$FastClassByCGLIB$$9111ac5a.invoke(<generated>)
	at net.sf.cglib.proxy.MethodProxy.invokeSuper(MethodProxy.java:228)
	at com.delta.cornerstone.container.core.dyproxy.intercept.MeuMethodInterceptor.intercept(MeuMethodInterceptor.java:5)
	at com.delta.ams.ditest.Controller$$EnhancerByCGLIB$$660e62e1.test(<generated>)
	... 8 common frames omitted
[2018-07-20 17:40:20:952] [meu_callback_0c45aaa6cf2f4112b2a003057ad5d301_0] [com.delta.cornerstone.container.core.MeuContainer.invokeMethod.371] [ERROR] [CONTAINER-fc3b7268905a4498807d1ee3abfddbe6] - MEU execution retry for 5 times, has reach the limit.
[2018-07-20 17:40:20:954] [meu_callback_0c45aaa6cf2f4112b2a003057ad5d301_0] [com.delta.cornerstone.container.core.MeuContainer.onInboudEvent.631] [ERROR] [CONTAINER-fc3b7268905a4498807d1ee3abfddbe6] - onInboudEvent error: com.delta.cornerstone.common.exception.platform.container.MEUExecuteException: MEU execute retry limit: 5, current execute count: 5
	at com.delta.cornerstone.container.core.MeuContainer.invokeMethod(MeuContainer.java:333)
	at com.delta.cornerstone.container.core.MeuContainer.invokeMethodAndSendEvent(MeuContainer.java:593)
	at com.delta.cornerstone.container.core.MeuContainer.onInboudEvent(MeuContainer.java:28)
	at com.delta.cornerstone.container.core.MeuContainerGateway.receive(MeuContainerGateway.java:82)
	at com.delta.cornerstone.container.core.messaging.mqtt.ContainerCallback$1.run(ContainerCallback.java:31)
	at com.delta.cornerstone.common.pool.LtqExecutor$Worker.run(LtqExecutor.java:10)
	at java.lang.Thread.run(Thread.java:745)

[2018-07-20 17:48:19:637] [main] [com.delta.cornerstone.container.core.MeuContainer.startupContainer.242] [INFO ] [container123] - license.verify.enable is false.
[2018-07-20 17:48:20:727] [main] [com.delta.cornerstone.common.messaging.MessagingClient.subscribe.110] [INFO ] [container123] - subscribe meu/routing
[2018-07-20 17:48:20:728] [main] [com.delta.cornerstone.common.messaging.MessagingClient.subscribe.110] [INFO ] [container123] - subscribe event/end
[2018-07-20 17:48:20:729] [main] [com.delta.cornerstone.common.messaging.MessagingClient.subscribe.110] [INFO ] [container123] - subscribe log/setting
[2018-07-20 17:48:20:733] [main] [com.delta.cornerstone.common.messaging.MessagingClient.subscribe.110] [INFO ] [container123] - subscribe meu/invokeByEvent/5bbf5c9eaf834f1da6f92f33d48a9644/+
[2018-07-20 17:48:20:899] [main] [com.delta.cornerstone.common.messaging.MessagingClient.subscribe.110] [INFO ] [container123] - subscribe epgTrigger/137d98fd3b0a4a6482d1e61394778f8a/+
[2018-07-20 17:48:20:899] [main] [com.delta.cornerstone.container.core.MeuContainer.startupContainer.462] [INFO ] [container123] - Listen to : meu/routing
[2018-07-20 17:48:20:899] [main] [com.delta.cornerstone.container.core.MeuContainer.startupContainer.340] [INFO ] [container123] - Listen to : event/end
[2018-07-20 17:48:20:899] [main] [com.delta.cornerstone.container.core.MeuContainer.startupContainer.227] [INFO ] [container123] - Listen to : meu/invokeByEvent/+
[2018-07-20 17:48:20:900] [main] [com.delta.cornerstone.container.core.MeuContainer.startupContainer.617] [INFO ] [container123] - Listen to : epgTrigger/137d98fd3b0a4a6482d1e61394778f8a/+
[2018-07-20 17:48:20:900] [main] [com.delta.cornerstone.container.core.MeuContainer.containerRegister.529] [INFO ] [container123] - Container register. containerId : container123
[2018-07-20 17:48:22:731] [main] [com.delta.cornerstone.container.core.MeuContainer.containerRegister.575] [INFO ] [container123] - Container regist to runtime, and wait for runtime return the regist result. Container is: ContainerEntity [id=container123, name=CNXADRCNB004-0001, weburl=null, status=null, node=CNXADRCNB004/172.22.27.5, haId=null, agentId=null, heartbeatPeriod=5000, containerOnlineHeartbeatPeriod=3, heartbeatTimestamp=null, rpcPort=14588, isRecordTriggerEpg=null]
[2018-07-20 17:48:24:038] [main] [com.delta.cornerstone.container.core.MeuContainer.startCMDHandler.176] [INFO ] [CONTAINER-8dd096bc316c4606b28957b2ce681c43] - CMD Handler has been started.
[2018-07-20 17:48:24:072] [main] [com.delta.cornerstone.container.core.MeuContainer.startupContainer.328] [INFO ] [CONTAINER-8dd096bc316c4606b28957b2ce681c43] - MEU Container has been started. Id = CONTAINER-8dd096bc316c4606b28957b2ce681c43
[2018-07-20 17:48:24:262] [LoadMEU Thread 1944702768] [com.delta.cornerstone.container.core.meu.MeuStatusManager.updateMeuStatus.11] [INFO ] [CONTAINER-8dd096bc316c4606b28957b2ce681c43] - MEU ID: 14ac146df50f4a23b66592f600dd56e4, ContainerId: CONTAINER-8dd096bc316c4606b28957b2ce681c43, transfer meu status null -> INITIALIZING.
[2018-07-20 17:48:24:262] [LoadMEU Thread 1944702768] [com.delta.cornerstone.container.core.meu.MeuStatusManager.updateMeuStatus.26] [INFO ] [CONTAINER-8dd096bc316c4606b28957b2ce681c43] - MEU ID: 14ac146df50f4a23b66592f600dd56e4, ContainerId: CONTAINER-8dd096bc316c4606b28957b2ce681c43, transfer meu status success null -> INITIALIZING.
[2018-07-20 17:48:24:263] [LoadMEU Thread 124888672] [com.delta.cornerstone.container.core.meu.MeuStatusManager.updateMeuStatus.11] [INFO ] [CONTAINER-8dd096bc316c4606b28957b2ce681c43] - MEU ID: 0c45aaa6cf2f4112b2a003057ad5d301, ContainerId: CONTAINER-8dd096bc316c4606b28957b2ce681c43, transfer meu status null -> INITIALIZING.
[2018-07-20 17:48:24:264] [LoadMEU Thread 124888672] [com.delta.cornerstone.container.core.meu.MeuStatusManager.updateMeuStatus.26] [INFO ] [CONTAINER-8dd096bc316c4606b28957b2ce681c43] - MEU ID: 0c45aaa6cf2f4112b2a003057ad5d301, ContainerId: CONTAINER-8dd096bc316c4606b28957b2ce681c43, transfer meu status success null -> INITIALIZING.
[2018-07-20 17:48:24:349] [LoadMEU Thread 124888672] [com.delta.cornerstone.container.core.meu.MeuStatusManager.updateMeuStatus.11] [INFO ] [CONTAINER-8dd096bc316c4606b28957b2ce681c43] - MEU ID: 0c45aaa6cf2f4112b2a003057ad5d301, ContainerId: CONTAINER-8dd096bc316c4606b28957b2ce681c43, transfer meu status INITIALIZING -> DEFINE_OK.
[2018-07-20 17:48:24:350] [LoadMEU Thread 124888672] [com.delta.cornerstone.container.core.meu.MeuStatusManager.updateMeuStatus.26] [INFO ] [CONTAINER-8dd096bc316c4606b28957b2ce681c43] - MEU ID: 0c45aaa6cf2f4112b2a003057ad5d301, ContainerId: CONTAINER-8dd096bc316c4606b28957b2ce681c43, transfer meu status success INITIALIZING -> DEFINE_OK.
[2018-07-20 17:48:24:355] [LoadMEU Thread 124888672] [com.delta.cornerstone.container.core.MeuContainer$2.run.92] [INFO ] [CONTAINER-8dd096bc316c4606b28957b2ce681c43] - load meu definition success from meuPath = E:\Eclipse_Neon\Pro\EQM_REFACTOR\EQM-APP\meu\meu_di, meuId = 0c45aaa6cf2f4112b2a003057ad5d301 , meuName = di
[2018-07-20 17:48:24:357] [LoadMEU Thread 124888672] [com.delta.cornerstone.container.core.meu.MeuStatusManager.updateMeuStatus.11] [INFO ] [CONTAINER-8dd096bc316c4606b28957b2ce681c43] - MEU ID: 0c45aaa6cf2f4112b2a003057ad5d301, ContainerId: CONTAINER-8dd096bc316c4606b28957b2ce681c43, transfer meu status DEFINE_OK -> REGISTERING.
[2018-07-20 17:48:24:358] [LoadMEU Thread 124888672] [com.delta.cornerstone.container.core.meu.MeuStatusManager.updateMeuStatus.26] [INFO ] [CONTAINER-8dd096bc316c4606b28957b2ce681c43] - MEU ID: 0c45aaa6cf2f4112b2a003057ad5d301, ContainerId: CONTAINER-8dd096bc316c4606b28957b2ce681c43, transfer meu status success DEFINE_OK -> REGISTERING.
[2018-07-20 17:48:24:383] [LoadMEU Thread 1944702768] [com.delta.cornerstone.container.core.meu.MeuStatusManager.updateMeuStatus.11] [INFO ] [CONTAINER-8dd096bc316c4606b28957b2ce681c43] - MEU ID: 14ac146df50f4a23b66592f600dd56e4, ContainerId: CONTAINER-8dd096bc316c4606b28957b2ce681c43, transfer meu status INITIALIZING -> DEFINE_OK.
[2018-07-20 17:48:24:384] [LoadMEU Thread 1944702768] [com.delta.cornerstone.container.core.meu.MeuStatusManager.updateMeuStatus.26] [INFO ] [CONTAINER-8dd096bc316c4606b28957b2ce681c43] - MEU ID: 14ac146df50f4a23b66592f600dd56e4, ContainerId: CONTAINER-8dd096bc316c4606b28957b2ce681c43, transfer meu status success INITIALIZING -> DEFINE_OK.
[2018-07-20 17:48:24:418] [LoadMEU Thread 1944702768] [com.delta.cornerstone.container.core.MeuContainer$2.run.92] [INFO ] [CONTAINER-8dd096bc316c4606b28957b2ce681c43] - load meu definition success from meuPath = E:\Eclipse_Neon\Pro\EQM_REFACTOR\EQM-APP\meu\meu_eqm_produce_line_setting_assembly, meuId = 14ac146df50f4a23b66592f600dd56e4 , meuName = eqm_produce_line_setting_assembly
[2018-07-20 17:48:24:418] [LoadMEU Thread 1944702768] [com.delta.cornerstone.container.core.meu.MeuStatusManager.updateMeuStatus.11] [INFO ] [CONTAINER-8dd096bc316c4606b28957b2ce681c43] - MEU ID: 14ac146df50f4a23b66592f600dd56e4, ContainerId: CONTAINER-8dd096bc316c4606b28957b2ce681c43, transfer meu status DEFINE_OK -> REGISTERING.
[2018-07-20 17:48:24:419] [LoadMEU Thread 1944702768] [com.delta.cornerstone.container.core.meu.MeuStatusManager.updateMeuStatus.26] [INFO ] [CONTAINER-8dd096bc316c4606b28957b2ce681c43] - MEU ID: 14ac146df50f4a23b66592f600dd56e4, ContainerId: CONTAINER-8dd096bc316c4606b28957b2ce681c43, transfer meu status success DEFINE_OK -> REGISTERING.
[2018-07-20 17:48:24:549] [LoadMEU Thread 124888672] [com.delta.cornerstone.container.core.meu.MeuStatusManager.updateMeuStatus.11] [INFO ] [CONTAINER-8dd096bc316c4606b28957b2ce681c43] - MEU ID: 0c45aaa6cf2f4112b2a003057ad5d301, ContainerId: CONTAINER-8dd096bc316c4606b28957b2ce681c43, transfer meu status REGISTERING -> DI_PENDING.
[2018-07-20 17:48:24:549] [LoadMEU Thread 124888672] [com.delta.cornerstone.container.core.meu.MeuStatusManager.updateMeuStatus.26] [INFO ] [CONTAINER-8dd096bc316c4606b28957b2ce681c43] - MEU ID: 0c45aaa6cf2f4112b2a003057ad5d301, ContainerId: CONTAINER-8dd096bc316c4606b28957b2ce681c43, transfer meu status success REGISTERING -> DI_PENDING.
[2018-07-20 17:48:24:577] [LoadMEU Thread 1944702768] [com.delta.cornerstone.container.core.meu.MeuStatusManager.updateMeuStatus.11] [INFO ] [CONTAINER-8dd096bc316c4606b28957b2ce681c43] - MEU ID: 14ac146df50f4a23b66592f600dd56e4, ContainerId: CONTAINER-8dd096bc316c4606b28957b2ce681c43, transfer meu status REGISTERING -> DI_PENDING.
[2018-07-20 17:48:24:577] [LoadMEU Thread 1944702768] [com.delta.cornerstone.container.core.meu.MeuStatusManager.updateMeuStatus.26] [INFO ] [CONTAINER-8dd096bc316c4606b28957b2ce681c43] - MEU ID: 14ac146df50f4a23b66592f600dd56e4, ContainerId: CONTAINER-8dd096bc316c4606b28957b2ce681c43, transfer meu status success REGISTERING -> DI_PENDING.
[2018-07-20 17:48:24:624] [LoadMEU Thread 1944702768] [com.delta.cornerstone.container.core.MeuContainer$2.run.169] [INFO ] [CONTAINER-8dd096bc316c4606b28957b2ce681c43] - regist meu definition to runtime success, meuId = 14ac146df50f4a23b66592f600dd56e4, meuName = eqm_produce_line_setting_assembly
[2018-07-20 17:48:24:626] [LoadMEU Thread 1944702768] [com.delta.cornerstone.container.core.meu.MeuStatusManager.updateMeuStatus.11] [INFO ] [CONTAINER-8dd096bc316c4606b28957b2ce681c43] - MEU ID: 14ac146df50f4a23b66592f600dd56e4, ContainerId: CONTAINER-8dd096bc316c4606b28957b2ce681c43, transfer meu status DI_PENDING -> LOADING.
[2018-07-20 17:48:24:626] [LoadMEU Thread 1944702768] [com.delta.cornerstone.container.core.meu.MeuStatusManager.updateMeuStatus.26] [INFO ] [CONTAINER-8dd096bc316c4606b28957b2ce681c43] - MEU ID: 14ac146df50f4a23b66592f600dd56e4, ContainerId: CONTAINER-8dd096bc316c4606b28957b2ce681c43, transfer meu status success DI_PENDING -> LOADING.
[2018-07-20 17:48:25:826] [LoadMEU Thread 1944702768] [com.delta.cornerstone.common.messaging.MessagingClient.subscribe.110] [INFO ] [CONTAINER-8dd096bc316c4606b28957b2ce681c43] - subscribe interface/topic/fbfb84e6a4144700b4159c67efb19b76
[2018-07-20 17:48:25:826] [LoadMEU Thread 1944702768] [com.delta.cornerstone.container.core.MeuContainer$2.run.56] [INFO ] [CONTAINER-8dd096bc316c4606b28957b2ce681c43] - MEU load success, id: 14ac146df50f4a23b66592f600dd56e4, name: eqm_produce_line_setting_assembly, path: E:\Eclipse_Neon\Pro\EQM_REFACTOR\EQM-APP\meu\meu_eqm_produce_line_setting_assembly
[2018-07-20 17:48:25:827] [LoadMEU Thread 1944702768] [com.delta.cornerstone.container.core.meu.MeuStatusManager.updateMeuStatus.11] [INFO ] [CONTAINER-8dd096bc316c4606b28957b2ce681c43] - MEU ID: 14ac146df50f4a23b66592f600dd56e4, ContainerId: CONTAINER-8dd096bc316c4606b28957b2ce681c43, transfer meu status LOADING -> LOADED.
[2018-07-20 17:48:25:827] [LoadMEU Thread 1944702768] [com.delta.cornerstone.container.core.meu.MeuStatusManager.updateMeuStatus.26] [INFO ] [CONTAINER-8dd096bc316c4606b28957b2ce681c43] - MEU ID: 14ac146df50f4a23b66592f600dd56e4, ContainerId: CONTAINER-8dd096bc316c4606b28957b2ce681c43, transfer meu status success LOADING -> LOADED.
[2018-07-20 17:48:25:835] [LoadMEU Thread 1944702768] [com.delta.cornerstone.container.core.meu.MeuStatusManager.updateMeuStatus.11] [INFO ] [CONTAINER-8dd096bc316c4606b28957b2ce681c43] - MEU ID: 14ac146df50f4a23b66592f600dd56e4, ContainerId: CONTAINER-8dd096bc316c4606b28957b2ce681c43, transfer meu status LOADED -> NORMAL.
[2018-07-20 17:48:25:836] [LoadMEU Thread 1944702768] [com.delta.cornerstone.container.core.meu.MeuStatusManager.updateMeuStatus.26] [INFO ] [CONTAINER-8dd096bc316c4606b28957b2ce681c43] - MEU ID: 14ac146df50f4a23b66592f600dd56e4, ContainerId: CONTAINER-8dd096bc316c4606b28957b2ce681c43, transfer meu status success LOADED -> NORMAL.
[2018-07-20 17:48:25:855] [LoadMEU Thread 124888672] [com.delta.cornerstone.container.core.MeuContainer$2.run.169] [INFO ] [CONTAINER-8dd096bc316c4606b28957b2ce681c43] - regist meu definition to runtime success, meuId = 0c45aaa6cf2f4112b2a003057ad5d301, meuName = di
[2018-07-20 17:48:25:855] [LoadMEU Thread 124888672] [com.delta.cornerstone.container.core.meu.MeuStatusManager.updateMeuStatus.11] [INFO ] [CONTAINER-8dd096bc316c4606b28957b2ce681c43] - MEU ID: 0c45aaa6cf2f4112b2a003057ad5d301, ContainerId: CONTAINER-8dd096bc316c4606b28957b2ce681c43, transfer meu status DI_PENDING -> LOADING.
[2018-07-20 17:48:25:855] [LoadMEU Thread 124888672] [com.delta.cornerstone.container.core.meu.MeuStatusManager.updateMeuStatus.26] [INFO ] [CONTAINER-8dd096bc316c4606b28957b2ce681c43] - MEU ID: 0c45aaa6cf2f4112b2a003057ad5d301, ContainerId: CONTAINER-8dd096bc316c4606b28957b2ce681c43, transfer meu status success DI_PENDING -> LOADING.
[2018-07-20 17:48:27:404] [LoadMEU Thread 124888672] [com.delta.cornerstone.container.core.di.DIClient.getInstanceFromDependencyInstanceMap.110] [INFO ] [CONTAINER-8dd096bc316c4606b28957b2ce681c43] - remote DI: com.delta.ams.productionline.setting.assembly.ProDtlServiceDI
[2018-07-20 17:48:27:417] [LoadMEU Thread 124888672] [com.delta.cornerstone.container.core.MeuContainer$2.run.56] [INFO ] [CONTAINER-8dd096bc316c4606b28957b2ce681c43] - MEU load success, id: 0c45aaa6cf2f4112b2a003057ad5d301, name: di, path: E:\Eclipse_Neon\Pro\EQM_REFACTOR\EQM-APP\meu\meu_di
[2018-07-20 17:48:27:418] [LoadMEU Thread 124888672] [com.delta.cornerstone.container.core.meu.MeuStatusManager.updateMeuStatus.11] [INFO ] [CONTAINER-8dd096bc316c4606b28957b2ce681c43] - MEU ID: 0c45aaa6cf2f4112b2a003057ad5d301, ContainerId: CONTAINER-8dd096bc316c4606b28957b2ce681c43, transfer meu status LOADING -> LOADED.
[2018-07-20 17:48:27:418] [LoadMEU Thread 124888672] [com.delta.cornerstone.container.core.meu.MeuStatusManager.updateMeuStatus.26] [INFO ] [CONTAINER-8dd096bc316c4606b28957b2ce681c43] - MEU ID: 0c45aaa6cf2f4112b2a003057ad5d301, ContainerId: CONTAINER-8dd096bc316c4606b28957b2ce681c43, transfer meu status success LOADING -> LOADED.
[2018-07-20 17:48:27:420] [LoadMEU Thread 124888672] [com.delta.cornerstone.container.core.meu.MeuStatusManager.updateMeuStatus.11] [INFO ] [CONTAINER-8dd096bc316c4606b28957b2ce681c43] - MEU ID: 0c45aaa6cf2f4112b2a003057ad5d301, ContainerId: CONTAINER-8dd096bc316c4606b28957b2ce681c43, transfer meu status LOADED -> NORMAL.
[2018-07-20 17:48:27:420] [LoadMEU Thread 124888672] [com.delta.cornerstone.container.core.meu.MeuStatusManager.updateMeuStatus.26] [INFO ] [CONTAINER-8dd096bc316c4606b28957b2ce681c43] - MEU ID: 0c45aaa6cf2f4112b2a003057ad5d301, ContainerId: CONTAINER-8dd096bc316c4606b28957b2ce681c43, transfer meu status success LOADED -> NORMAL.
[2018-07-20 17:49:08:099] [meu_common_callback_pool_0] [com.delta.cornerstone.common.messaging.MessagingClient.subscribe.110] [INFO ] [CONTAINER-8dd096bc316c4606b28957b2ce681c43] - subscribe meu/0c45aaa6cf2f4112b2a003057ad5d301
[2018-07-20 17:49:08:100] [meu_common_callback_pool_0] [com.delta.cornerstone.common.messaging.MessagingClient.subscribe.110] [INFO ] [CONTAINER-8dd096bc316c4606b28957b2ce681c43] - subscribe meu/0c45aaa6cf2f4112b2a003057ad5d301/0000
[2018-07-20 17:49:08:137] [meu_common_callback_pool_0] [com.delta.cornerstone.container.core.messaging.mqtt.ContainerCallback$1.run.41] [INFO ] [CONTAINER-8dd096bc316c4606b28957b2ce681c43] - MEU = 0c45aaa6cf2f4112b2a003057ad5d301, Receive Routing = {"id":"65582474aaf14d6a8b2165ee49aaab04","name":"di","meuList":[{"id":"0c45aaa6cf2f4112b2a003057ad5d301","isReady":true,"rpcHost":"CNXADRCNB004","rpcPort":14588},{"id":"14ac146df50f4a23b66592f600dd56e4","isReady":true,"rpcHost":"CNXADRCNB004","rpcPort":14588},{"id":"MEU-ca3a2d351f64400986d6cda06f703a3e","type":"dispatch","isReady":true,"rpcHost":"CNXADRCNB004","rpcPort":14672}],"eventList":[{"id":"0000","source":{"id":""},"dest":[{"id":"MEU-ca3a2d351f64400986d6cda06f703a3e","outputTopic":"meu/MEU-ca3a2d351f64400986d6cda06f703a3e"}]},{"id":"0003","source":{"id":"MEU-ca3a2d351f64400986d6cda06f703a3e"},"dest":[{"id":"0c45aaa6cf2f4112b2a003057ad5d301","outputTopic":"meu/0c45aaa6cf2f4112b2a003057ad5d301"}]},{"id":"0001","source":{"id":"0c45aaa6cf2f4112b2a003057ad5d301"},"dest":[{"id":"","outputTopic":"event/end"}]}],"constraintList":[],"topicMeuMappingList":[{"topic":"meu/0c45aaa6cf2f4112b2a003057ad5d301","meuId":"0c45aaa6cf2f4112b2a003057ad5d301","operationId":""},{"topic":"meu/0c45aaa6cf2f4112b2a003057ad5d301/0000","meuId":"0c45aaa6cf2f4112b2a003057ad5d301","operationId":"0000"},{"topic":"meu/MEU-ca3a2d351f64400986d6cda06f703a3e","meuId":"MEU-ca3a2d351f64400986d6cda06f703a3e","operationId":""}],"urlMappingList":[{"url":"/test","method":"GET","beforeOperationId":"common before meu","afterOperationId":"common after meu","dest":{"id":"0c45aaa6cf2f4112b2a003057ad5d301","operationId":"0000","outputTopic":"meu/0c45aaa6cf2f4112b2a003057ad5d301/0000"}}],"urlMappingFileList":[{"mappingFile":"../url-mapping/test_di_url_mapping.xml","content":{"urlMappingList":[{"url":"/test","method":"GET","beforeOperationId":"common before meu","afterOperationId":"common after meu","dest":{"id":"0c45aaa6cf2f4112b2a003057ad5d301","operationId":"0000","outputTopic":"meu/0c45aaa6cf2f4112b2a003057ad5d301/0000"}}]}}],"scriptList":[],"timerList":[]}
[2018-07-20 17:49:08:138] [meu_common_callback_pool_0] [com.delta.cornerstone.container.core.messaging.mqtt.ContainerCallback$1.run.41] [INFO ] [CONTAINER-8dd096bc316c4606b28957b2ce681c43] - MEU = 14ac146df50f4a23b66592f600dd56e4, Receive Routing = {"id":"65582474aaf14d6a8b2165ee49aaab04","name":"di","meuList":[{"id":"0c45aaa6cf2f4112b2a003057ad5d301","isReady":true,"rpcHost":"CNXADRCNB004","rpcPort":14588},{"id":"14ac146df50f4a23b66592f600dd56e4","isReady":true,"rpcHost":"CNXADRCNB004","rpcPort":14588},{"id":"MEU-ca3a2d351f64400986d6cda06f703a3e","type":"dispatch","isReady":true,"rpcHost":"CNXADRCNB004","rpcPort":14672}],"eventList":[{"id":"0000","source":{"id":""},"dest":[{"id":"MEU-ca3a2d351f64400986d6cda06f703a3e","outputTopic":"meu/MEU-ca3a2d351f64400986d6cda06f703a3e"}]},{"id":"0003","source":{"id":"MEU-ca3a2d351f64400986d6cda06f703a3e"},"dest":[{"id":"0c45aaa6cf2f4112b2a003057ad5d301","outputTopic":"meu/0c45aaa6cf2f4112b2a003057ad5d301"}]},{"id":"0001","source":{"id":"0c45aaa6cf2f4112b2a003057ad5d301"},"dest":[{"id":"","outputTopic":"event/end"}]}],"constraintList":[],"topicMeuMappingList":[{"topic":"meu/0c45aaa6cf2f4112b2a003057ad5d301","meuId":"0c45aaa6cf2f4112b2a003057ad5d301","operationId":""},{"topic":"meu/0c45aaa6cf2f4112b2a003057ad5d301/0000","meuId":"0c45aaa6cf2f4112b2a003057ad5d301","operationId":"0000"},{"topic":"meu/MEU-ca3a2d351f64400986d6cda06f703a3e","meuId":"MEU-ca3a2d351f64400986d6cda06f703a3e","operationId":""}],"urlMappingList":[{"url":"/test","method":"GET","beforeOperationId":"common before meu","afterOperationId":"common after meu","dest":{"id":"0c45aaa6cf2f4112b2a003057ad5d301","operationId":"0000","outputTopic":"meu/0c45aaa6cf2f4112b2a003057ad5d301/0000"}}],"urlMappingFileList":[{"mappingFile":"../url-mapping/test_di_url_mapping.xml","content":{"urlMappingList":[{"url":"/test","method":"GET","beforeOperationId":"common before meu","afterOperationId":"common after meu","dest":{"id":"0c45aaa6cf2f4112b2a003057ad5d301","operationId":"0000","outputTopic":"meu/0c45aaa6cf2f4112b2a003057ad5d301/0000"}}]}}],"scriptList":[],"timerList":[]}
[2018-07-20 17:49:08:195] [meu_common_callback_pool_1] [com.delta.cornerstone.common.messaging.MessagingClient.subscribe.110] [INFO ] [CONTAINER-8dd096bc316c4606b28957b2ce681c43] - subscribe meu/14ac146df50f4a23b66592f600dd56e4
[2018-07-20 17:49:08:196] [meu_common_callback_pool_1] [com.delta.cornerstone.common.messaging.MessagingClient.subscribe.110] [INFO ] [CONTAINER-8dd096bc316c4606b28957b2ce681c43] - subscribe meu/14ac146df50f4a23b66592f600dd56e4/0000
[2018-07-20 17:49:08:197] [meu_common_callback_pool_1] [com.delta.cornerstone.common.messaging.MessagingClient.subscribe.110] [INFO ] [CONTAINER-8dd096bc316c4606b28957b2ce681c43] - subscribe meu/14ac146df50f4a23b66592f600dd56e4/0001
[2018-07-20 17:49:08:198] [meu_common_callback_pool_1] [com.delta.cornerstone.common.messaging.MessagingClient.subscribe.110] [INFO ] [CONTAINER-8dd096bc316c4606b28957b2ce681c43] - subscribe meu/14ac146df50f4a23b66592f600dd56e4/0002
[2018-07-20 17:49:08:198] [meu_common_callback_pool_1] [com.delta.cornerstone.common.messaging.MessagingClient.subscribe.110] [INFO ] [CONTAINER-8dd096bc316c4606b28957b2ce681c43] - subscribe meu/14ac146df50f4a23b66592f600dd56e4/0003
[2018-07-20 17:49:08:199] [meu_common_callback_pool_1] [com.delta.cornerstone.container.core.messaging.mqtt.ContainerCallback$1.run.41] [INFO ] [CONTAINER-8dd096bc316c4606b28957b2ce681c43] - MEU = 14ac146df50f4a23b66592f600dd56e4, Receive Routing = {"id":"105798cf28e24ef99593d24dcc6e1b75","name":"eqm_produce_line_setting_assembly","meuList":[{"id":"MEU-ca3a2d351f64400986d6cda06f703a3e","type":"dispatch","isReady":true,"rpcHost":"CNXADRCNB004","rpcPort":14672},{"id":"14ac146df50f4a23b66592f600dd56e4","isReady":true,"rpcHost":"CNXADRCNB004","rpcPort":14588}],"eventList":[{"id":"0000","source":{"id":""},"dest":[{"id":"MEU-ca3a2d351f64400986d6cda06f703a3e","outputTopic":"meu/MEU-ca3a2d351f64400986d6cda06f703a3e"}]},{"id":"0001","source":{"id":"MEU-ca3a2d351f64400986d6cda06f703a3e"},"dest":[{"id":"14ac146df50f4a23b66592f600dd56e4","outputTopic":"meu/14ac146df50f4a23b66592f600dd56e4"}]},{"id":"0002","source":{"id":"14ac146df50f4a23b66592f600dd56e4"},"dest":[{"id":"","outputTopic":"event/end"}]}],"constraintList":[],"topicMeuMappingList":[{"topic":"meu/MEU-ca3a2d351f64400986d6cda06f703a3e","meuId":"MEU-ca3a2d351f64400986d6cda06f703a3e","operationId":""},{"topic":"meu/14ac146df50f4a23b66592f600dd56e4","meuId":"14ac146df50f4a23b66592f600dd56e4","operationId":""},{"topic":"meu/14ac146df50f4a23b66592f600dd56e4/0000","meuId":"14ac146df50f4a23b66592f600dd56e4","operationId":"0000"},{"topic":"meu/14ac146df50f4a23b66592f600dd56e4/0001","meuId":"14ac146df50f4a23b66592f600dd56e4","operationId":"0001"},{"topic":"meu/14ac146df50f4a23b66592f600dd56e4/0002","meuId":"14ac146df50f4a23b66592f600dd56e4","operationId":"0002"},{"topic":"meu/14ac146df50f4a23b66592f600dd56e4/0003","meuId":"14ac146df50f4a23b66592f600dd56e4","operationId":"0003"}],"urlMappingList":[{"url":"/ams/eqm/produceline/setting/assembly","method":"POST","beforeOperationId":"common before meu","afterOperationId":"common after meu","dest":{"id":"14ac146df50f4a23b66592f600dd56e4","operationId":"0000","outputTopic":"meu/14ac146df50f4a23b66592f600dd56e4/0000"}},{"url":"/ams/eqm/produceline/setting/assembly","method":"PUT","beforeOperationId":"common before meu","afterOperationId":"common after meu","dest":{"id":"14ac146df50f4a23b66592f600dd56e4","operationId":"0001","outputTopic":"meu/14ac146df50f4a23b66592f600dd56e4/0001"}},{"url":"/ams/eqm/produceline/setting/assembly/active","method":"PUT","beforeOperationId":"common before meu","afterOperationId":"common after meu","dest":{"id":"14ac146df50f4a23b66592f600dd56e4","operationId":"0001","outputTopic":"meu/14ac146df50f4a23b66592f600dd56e4/0001"}},{"url":"/ams/eqm/produceline/setting/assembly","method":"GET","beforeOperationId":"common before meu","afterOperationId":"common after meu","dest":{"id":"14ac146df50f4a23b66592f600dd56e4","operationId":"0002","outputTopic":"meu/14ac146df50f4a23b66592f600dd56e4/0002"}},{"url":"/ams/eqm/produceline/setting/assembly/item","method":"GET","beforeOperationId":"common before meu","afterOperationId":"common after meu","dest":{"id":"14ac146df50f4a23b66592f600dd56e4","operationId":"0003","outputTopic":"meu/14ac146df50f4a23b66592f600dd56e4/0003"}}],"urlMappingFileList":[{"mappingFile":"../url-mapping/epg_eqm_produce_line_setting_assembly_url_mapping.xml","content":{"urlMappingList":[{"url":"/ams/eqm/produceline/setting/assembly","method":"POST","beforeOperationId":"common before meu","afterOperationId":"common after meu","dest":{"id":"14ac146df50f4a23b66592f600dd56e4","operationId":"0000","outputTopic":"meu/14ac146df50f4a23b66592f600dd56e4/0000"}},{"url":"/ams/eqm/produceline/setting/assembly","method":"PUT","beforeOperationId":"common before meu","afterOperationId":"common after meu","dest":{"id":"14ac146df50f4a23b66592f600dd56e4","operationId":"0001","outputTopic":"meu/14ac146df50f4a23b66592f600dd56e4/0001"}},{"url":"/ams/eqm/produceline/setting/assembly/active","method":"PUT","beforeOperationId":"common before meu","afterOperationId":"common after meu","dest":{"id":"14ac146df50f4a23b66592f600dd56e4","operationId":"0001","outputTopic":"meu/14ac146df50f4a23b66592f600dd56e4/0001"}},{"url":"/ams/eqm/produceline/setting/assembly","method":"GET","beforeOperationId":"common before meu","afterOperationId":"common after meu","dest":{"id":"14ac146df50f4a23b66592f600dd56e4","operationId":"0002","outputTopic":"meu/14ac146df50f4a23b66592f600dd56e4/0002"}},{"url":"/ams/eqm/produceline/setting/assembly/item","method":"GET","beforeOperationId":"common before meu","afterOperationId":"common after meu","dest":{"id":"14ac146df50f4a23b66592f600dd56e4","operationId":"0003","outputTopic":"meu/14ac146df50f4a23b66592f600dd56e4/0003"}}]}}],"scriptList":[],"timerList":[]}
